Release 11.5 - platgen Xilinx EDK 11.5 Build EDK_LS5.70
 (lin64)
Copyright (c) 1995-2009 Xilinx, Inc.  All rights reserved.

Command Line: platgen -p xc3sd1800afg676-4 -lang vhdl -msg
__xps/ise/xmsgprops.lst system.mhs 

Parse /home/aalonso/workspace/microblaze/mb-spartan1800/system.mhs ...

Read MPD definitions ...

Overriding IP level properties ...
INFO:EDK:1560 - IPNAME:mpmc INSTANCE:DDR2_SDRAM -
   /opt/Xilinx/11.5/EDK/hw/XilinxProcessorIPLib/pcores/mpmc_v5_04_a/data/mpmc_v2
   _1_0.mpd line 149 - tcl is overriding PARAMETER C_SPEEDGRADE_INT value to 4
INFO:EDK:1560 - IPNAME:mpmc INSTANCE:DDR2_SDRAM -
   /opt/Xilinx/11.5/EDK/hw/XilinxProcessorIPLib/pcores/mpmc_v5_04_a/data/mpmc_v2
   _1_0.mpd line 171 - tcl is overriding PARAMETER C_IODELAY_GRP value to
   DDR2_SDRAM
INFO:EDK:1560 - IPNAME:mpmc INSTANCE:DDR2_SDRAM -
   /opt/Xilinx/11.5/EDK/hw/XilinxProcessorIPLib/pcores/mpmc_v5_04_a/data/mpmc_v2
   _1_0.mpd line 247 - tcl is overriding PARAMETER C_MEM_PART_DATA_DEPTH value
   to 32
INFO:EDK:1560 - IPNAME:mpmc INSTANCE:DDR2_SDRAM -
   /opt/Xilinx/11.5/EDK/hw/XilinxProcessorIPLib/pcores/mpmc_v5_04_a/data/mpmc_v2
   _1_0.mpd line 248 - tcl is overriding PARAMETER C_MEM_PART_DATA_WIDTH value
   to 16
INFO:EDK:1560 - IPNAME:mpmc INSTANCE:DDR2_SDRAM -
   /opt/Xilinx/11.5/EDK/hw/XilinxProcessorIPLib/pcores/mpmc_v5_04_a/data/mpmc_v2
   _1_0.mpd line 251 - tcl is overriding PARAMETER C_MEM_PART_NUM_COL_BITS value
   to 10
INFO:EDK:1560 - IPNAME:mpmc INSTANCE:DDR2_SDRAM -
   /opt/Xilinx/11.5/EDK/hw/XilinxProcessorIPLib/pcores/mpmc_v5_04_a/data/mpmc_v2
   _1_0.mpd line 252 - tcl is overriding PARAMETER C_MEM_PART_TRAS value to
   40000
INFO:EDK:1560 - IPNAME:mpmc INSTANCE:DDR2_SDRAM -
   /opt/Xilinx/11.5/EDK/hw/XilinxProcessorIPLib/pcores/mpmc_v5_04_a/data/mpmc_v2
   _1_0.mpd line 253 - tcl is overriding PARAMETER C_MEM_PART_TRASMAX value to
   70000000
INFO:EDK:1560 - IPNAME:mpmc INSTANCE:DDR2_SDRAM -
   /opt/Xilinx/11.5/EDK/hw/XilinxProcessorIPLib/pcores/mpmc_v5_04_a/data/mpmc_v2
   _1_0.mpd line 254 - tcl is overriding PARAMETER C_MEM_PART_TRC value to 55000
INFO:EDK:1560 - IPNAME:mpmc INSTANCE:DDR2_SDRAM -
   /opt/Xilinx/11.5/EDK/hw/XilinxProcessorIPLib/pcores/mpmc_v5_04_a/data/mpmc_v2
   _1_0.mpd line 255 - tcl is overriding PARAMETER C_MEM_PART_TRCD value to
   15000
INFO:EDK:1560 - IPNAME:mpmc INSTANCE:DDR2_SDRAM -
   /opt/Xilinx/11.5/EDK/hw/XilinxProcessorIPLib/pcores/mpmc_v5_04_a/data/mpmc_v2
   _1_0.mpd line 257 - tcl is overriding PARAMETER C_MEM_PART_TWR value to 15000
INFO:EDK:1560 - IPNAME:mpmc INSTANCE:DDR2_SDRAM -
   /opt/Xilinx/11.5/EDK/hw/XilinxProcessorIPLib/pcores/mpmc_v5_04_a/data/mpmc_v2
   _1_0.mpd line 258 - tcl is overriding PARAMETER C_MEM_PART_TRP value to 15000
INFO:EDK:1560 - IPNAME:mpmc INSTANCE:DDR2_SDRAM -
   /opt/Xilinx/11.5/EDK/hw/XilinxProcessorIPLib/pcores/mpmc_v5_04_a/data/mpmc_v2
   _1_0.mpd line 259 - tcl is overriding PARAMETER C_MEM_PART_TMRD value to 2
INFO:EDK:1560 - IPNAME:mpmc INSTANCE:DDR2_SDRAM -
   /opt/Xilinx/11.5/EDK/hw/XilinxProcessorIPLib/pcores/mpmc_v5_04_a/data/mpmc_v2
   _1_0.mpd line 260 - tcl is overriding PARAMETER C_MEM_PART_TRRD value to
   10000
INFO:EDK:1560 - IPNAME:mpmc INSTANCE:DDR2_SDRAM -
   /opt/Xilinx/11.5/EDK/hw/XilinxProcessorIPLib/pcores/mpmc_v5_04_a/data/mpmc_v2
   _1_0.mpd line 261 - tcl is overriding PARAMETER C_MEM_PART_TRFC value to
   105000
INFO:EDK:1560 - IPNAME:mpmc INSTANCE:DDR2_SDRAM -
   /opt/Xilinx/11.5/EDK/hw/XilinxProcessorIPLib/pcores/mpmc_v5_04_a/data/mpmc_v2
   _1_0.mpd line 262 - tcl is overriding PARAMETER C_MEM_PART_TREFI value to
   7800000
INFO:EDK:1560 - IPNAME:mpmc INSTANCE:DDR2_SDRAM -
   /opt/Xilinx/11.5/EDK/hw/XilinxProcessorIPLib/pcores/mpmc_v5_04_a/data/mpmc_v2
   _1_0.mpd line 264 - tcl is overriding PARAMETER C_MEM_PART_TCCD value to 2
INFO:EDK:1560 - IPNAME:mpmc INSTANCE:DDR2_SDRAM -
   /opt/Xilinx/11.5/EDK/hw/XilinxProcessorIPLib/pcores/mpmc_v5_04_a/data/mpmc_v2
   _1_0.mpd line 265 - tcl is overriding PARAMETER C_MEM_PART_TWTR value to
   10000
INFO:EDK:1560 - IPNAME:mpmc INSTANCE:DDR2_SDRAM -
   /opt/Xilinx/11.5/EDK/hw/XilinxProcessorIPLib/pcores/mpmc_v5_04_a/data/mpmc_v2
   _1_0.mpd line 269 - tcl is overriding PARAMETER C_MEM_PART_CAS_A_FMAX value
   to 200
INFO:EDK:1560 - IPNAME:mpmc INSTANCE:DDR2_SDRAM -
   /opt/Xilinx/11.5/EDK/hw/XilinxProcessorIPLib/pcores/mpmc_v5_04_a/data/mpmc_v2
   _1_0.mpd line 270 - tcl is overriding PARAMETER C_MEM_PART_CAS_A value to 3
INFO:EDK:1560 - IPNAME:mpmc INSTANCE:DDR2_SDRAM -
   /opt/Xilinx/11.5/EDK/hw/XilinxProcessorIPLib/pcores/mpmc_v5_04_a/data/mpmc_v2
   _1_0.mpd line 271 - tcl is overriding PARAMETER C_MEM_PART_CAS_B_FMAX value
   to 200
INFO:EDK:1560 - IPNAME:mpmc INSTANCE:DDR2_SDRAM -
   /opt/Xilinx/11.5/EDK/hw/XilinxProcessorIPLib/pcores/mpmc_v5_04_a/data/mpmc_v2
   _1_0.mpd line 272 - tcl is overriding PARAMETER C_MEM_PART_CAS_B value to 4

Performing IP level DRCs on properties...

Running DRC Tcl procedures for OPTION IPLEVEL_DRC_PROC...
Address Map for Processor microblaze_0
  (0000000000-0x0000ffff) dlmb_cntlr	dlmb
  (0000000000-0x0000ffff) ilmb_cntlr	ilmb
  (0x81000000-0x8100ffff) Ethernet_MAC	mb_plb
  (0x81400000-0x8140ffff) Push_Buttons	mb_plb
  (0x81420000-0x8142ffff) LEDs_8Bit	mb_plb
  (0x81440000-0x8144ffff) DIP_Switches_8Bit	mb_plb
  (0x81800000-0x8180ffff) xps_intc_0	mb_plb
  (0x83400000-0x8340ffff) SPI_FLASH	mb_plb
  (0x83a00000-0x83a0ffff) xps_timebase_wdt_0	mb_plb
  (0x83c00000-0x83c0ffff) xps_timer_0	mb_plb
  (0x84000000-0x8400ffff) RS232_Uart_1	mb_plb
  (0x84400000-0x8440ffff) mdm_0	mb_plb
  (0x88000000-0x8fffffff) DDR2_SDRAM	mb_plb
INFO:EDK:1560 - IPNAME:mpmc INSTANCE:DDR2_SDRAM -
   /opt/Xilinx/11.5/EDK/hw/XilinxProcessorIPLib/pcores/mpmc_v5_04_a/data/mpmc_v2
   _1_0.mpd line 352 - tool is overriding PARAMETER C_SPLB0_P2P value to 0

Computing clock values...
INFO:EDK:1039 - Did not update the value for parameter:
   DDR2_SDRAM:C_MPMC_CLK_MEM_PERIOD_PS. Top-level frequency could not be
   propagated to this IP. Please make sure that you have specified the frequency
   of the top-level clock port, and that the clocks are properly connected.
INFO:EDK:1560 - IPNAME:microblaze INSTANCE:microblaze_0 -
   /opt/Xilinx/11.5/EDK/hw/XilinxProcessorIPLib/pcores/microblaze_v7_20_d/data/m
   icroblaze_v2_1_0.mpd line 149 - tool is overriding PARAMETER C_DPLB_DWIDTH
   value to 64
INFO:EDK:1560 - IPNAME:microblaze INSTANCE:microblaze_0 -
   /opt/Xilinx/11.5/EDK/hw/XilinxProcessorIPLib/pcores/microblaze_v7_20_d/data/m
   icroblaze_v2_1_0.mpd line 153 - tool is overriding PARAMETER C_IPLB_DWIDTH
   value to 64
INFO:EDK:1560 - IPNAME:plb_v46 INSTANCE:mb_plb -
   /opt/Xilinx/11.5/EDK/hw/XilinxProcessorIPLib/pcores/plb_v46_v1_04_a/data/plb_
   v46_v2_1_0.mpd line 70 - tool is overriding PARAMETER C_PLBV46_NUM_MASTERS
   value to 2
INFO:EDK:1560 - IPNAME:plb_v46 INSTANCE:mb_plb -
   /opt/Xilinx/11.5/EDK/hw/XilinxProcessorIPLib/pcores/plb_v46_v1_04_a/data/plb_
   v46_v2_1_0.mpd line 71 - tool is overriding PARAMETER C_PLBV46_NUM_SLAVES
   value to 11
INFO:EDK:1560 - IPNAME:plb_v46 INSTANCE:mb_plb -
   /opt/Xilinx/11.5/EDK/hw/XilinxProcessorIPLib/pcores/plb_v46_v1_04_a/data/plb_
   v46_v2_1_0.mpd line 72 - tool is overriding PARAMETER C_PLBV46_MID_WIDTH
   value to 1
INFO:EDK:1560 - IPNAME:lmb_v10 INSTANCE:ilmb -
   /opt/Xilinx/11.5/EDK/hw/XilinxProcessorIPLib/pcores/lmb_v10_v1_00_a/data/lmb_
   v10_v2_1_0.mpd line 71 - tool is overriding PARAMETER C_LMB_NUM_SLAVES value
   to 1
INFO:EDK:1560 - IPNAME:lmb_v10 INSTANCE:dlmb -
   /opt/Xilinx/11.5/EDK/hw/XilinxProcessorIPLib/pcores/lmb_v10_v1_00_a/data/lmb_
   v10_v2_1_0.mpd line 71 - tool is overriding PARAMETER C_LMB_NUM_SLAVES value
   to 1
INFO:EDK:1560 - IPNAME:bram_block INSTANCE:lmb_bram -
   /opt/Xilinx/11.5/EDK/hw/XilinxProcessorIPLib/pcores/bram_block_v1_00_a/data/b
   ram_block_v2_1_0.mpd line 69 - tool is overriding PARAMETER C_MEMSIZE value
   to 0x10000
INFO:EDK:1560 - IPNAME:xps_uartlite INSTANCE:RS232_Uart_1 -
   /opt/Xilinx/11.5/EDK/hw/XilinxProcessorIPLib/pcores/xps_uartlite_v1_01_a/data
   /xps_uartlite_v2_1_0.mpd line 73 - tool is overriding PARAMETER C_SPLB_DWIDTH
   value to 64
INFO:EDK:1560 - IPNAME:xps_uartlite INSTANCE:RS232_Uart_1 -
   /opt/Xilinx/11.5/EDK/hw/XilinxProcessorIPLib/pcores/xps_uartlite_v1_01_a/data
   /xps_uartlite_v2_1_0.mpd line 76 - tool is overriding PARAMETER
   C_SPLB_NUM_MASTERS value to 2
INFO:EDK:1560 - IPNAME:xps_gpio INSTANCE:LEDs_8Bit -
   /opt/Xilinx/11.5/EDK/hw/XilinxProcessorIPLib/pcores/xps_gpio_v2_00_a/data/xps
   _gpio_v2_1_0.mpd line 71 - tool is overriding PARAMETER C_SPLB_DWIDTH value
   to 64
INFO:EDK:1560 - IPNAME:xps_gpio INSTANCE:LEDs_8Bit -
   /opt/Xilinx/11.5/EDK/hw/XilinxProcessorIPLib/pcores/xps_gpio_v2_00_a/data/xps
   _gpio_v2_1_0.mpd line 74 - tool is overriding PARAMETER C_SPLB_NUM_MASTERS
   value to 2
INFO:EDK:1560 - IPNAME:xps_gpio INSTANCE:Push_Buttons -
   /opt/Xilinx/11.5/EDK/hw/XilinxProcessorIPLib/pcores/xps_gpio_v2_00_a/data/xps
   _gpio_v2_1_0.mpd line 71 - tool is overriding PARAMETER C_SPLB_DWIDTH value
   to 64
INFO:EDK:1560 - IPNAME:xps_gpio INSTANCE:Push_Buttons -
   /opt/Xilinx/11.5/EDK/hw/XilinxProcessorIPLib/pcores/xps_gpio_v2_00_a/data/xps
   _gpio_v2_1_0.mpd line 74 - tool is overriding PARAMETER C_SPLB_NUM_MASTERS
   value to 2
INFO:EDK:1560 - IPNAME:xps_gpio INSTANCE:DIP_Switches_8Bit -
   /opt/Xilinx/11.5/EDK/hw/XilinxProcessorIPLib/pcores/xps_gpio_v2_00_a/data/xps
   _gpio_v2_1_0.mpd line 71 - tool is overriding PARAMETER C_SPLB_DWIDTH value
   to 64
INFO:EDK:1560 - IPNAME:xps_gpio INSTANCE:DIP_Switches_8Bit -
   /opt/Xilinx/11.5/EDK/hw/XilinxProcessorIPLib/pcores/xps_gpio_v2_00_a/data/xps
   _gpio_v2_1_0.mpd line 74 - tool is overriding PARAMETER C_SPLB_NUM_MASTERS
   value to 2
INFO:EDK:1560 - IPNAME:xps_ethernetlite INSTANCE:Ethernet_MAC -
   /opt/Xilinx/11.5/EDK/hw/XilinxProcessorIPLib/pcores/xps_ethernetlite_v3_01_a/
   data/xps_ethernetlite_v2_1_0.mpd line 76 - tool is overriding PARAMETER
   C_SPLB_DWIDTH value to 64
INFO:EDK:1560 - IPNAME:xps_ethernetlite INSTANCE:Ethernet_MAC -
   /opt/Xilinx/11.5/EDK/hw/XilinxProcessorIPLib/pcores/xps_ethernetlite_v3_01_a/
   data/xps_ethernetlite_v2_1_0.mpd line 79 - tool is overriding PARAMETER
   C_SPLB_NUM_MASTERS value to 2
INFO:EDK:1560 - IPNAME:xps_spi INSTANCE:SPI_FLASH -
   /opt/Xilinx/11.5/EDK/hw/XilinxProcessorIPLib/pcores/xps_spi_v2_01_b/data/xps_
   spi_v2_1_0.mpd line 73 - tool is overriding PARAMETER C_SPLB_DWIDTH value to
   64
INFO:EDK:1560 - IPNAME:xps_spi INSTANCE:SPI_FLASH -
   /opt/Xilinx/11.5/EDK/hw/XilinxProcessorIPLib/pcores/xps_spi_v2_01_b/data/xps_
   spi_v2_1_0.mpd line 76 - tool is overriding PARAMETER C_SPLB_NUM_MASTERS
   value to 2
INFO:EDK:1560 - IPNAME:mpmc INSTANCE:DDR2_SDRAM -
   /opt/Xilinx/11.5/EDK/hw/XilinxProcessorIPLib/pcores/mpmc_v5_04_a/data/mpmc_v2
   _1_0.mpd line 350 - tool is overriding PARAMETER C_SPLB0_NUM_MASTERS value to
   2
INFO:EDK:1560 - IPNAME:xps_timebase_wdt INSTANCE:xps_timebase_wdt_0 -
   /opt/Xilinx/11.5/EDK/hw/XilinxProcessorIPLib/pcores/xps_timebase_wdt_v1_01_a/
   data/xps_timebase_wdt_v2_1_0.mpd line 73 - tool is overriding PARAMETER
   C_SPLB_DWIDTH value to 64
INFO:EDK:1560 - IPNAME:xps_timebase_wdt INSTANCE:xps_timebase_wdt_0 -
   /opt/Xilinx/11.5/EDK/hw/XilinxProcessorIPLib/pcores/xps_timebase_wdt_v1_01_a/
   data/xps_timebase_wdt_v2_1_0.mpd line 76 - tool is overriding PARAMETER
   C_SPLB_NUM_MASTERS value to 2
INFO:EDK:1560 - IPNAME:xps_timer INSTANCE:xps_timer_0 -
   /opt/Xilinx/11.5/EDK/hw/XilinxProcessorIPLib/pcores/xps_timer_v1_01_b/data/xp
   s_timer_v2_1_0.mpd line 78 - tool is overriding PARAMETER C_SPLB_DWIDTH value
   to 64
INFO:EDK:1560 - IPNAME:xps_timer INSTANCE:xps_timer_0 -
   /opt/Xilinx/11.5/EDK/hw/XilinxProcessorIPLib/pcores/xps_timer_v1_01_b/data/xp
   s_timer_v2_1_0.mpd line 80 - tool is overriding PARAMETER C_SPLB_MID_WIDTH
   value to 1
INFO:EDK:1560 - IPNAME:xps_timer INSTANCE:xps_timer_0 -
   /opt/Xilinx/11.5/EDK/hw/XilinxProcessorIPLib/pcores/xps_timer_v1_01_b/data/xp
   s_timer_v2_1_0.mpd line 81 - tool is overriding PARAMETER C_SPLB_NUM_MASTERS
   value to 2
INFO:EDK:1560 - IPNAME:mdm INSTANCE:mdm_0 -
   /opt/Xilinx/11.5/EDK/hw/XilinxProcessorIPLib/pcores/mdm_v1_00_g/data/mdm_v2_1
   _0.mpd line 86 - tool is overriding PARAMETER C_SPLB_DWIDTH value to 64
INFO:EDK:1560 - IPNAME:mdm INSTANCE:mdm_0 -
   /opt/Xilinx/11.5/EDK/hw/XilinxProcessorIPLib/pcores/mdm_v1_00_g/data/mdm_v2_1
   _0.mpd line 88 - tool is overriding PARAMETER C_SPLB_MID_WIDTH value to 1
INFO:EDK:1560 - IPNAME:mdm INSTANCE:mdm_0 -
   /opt/Xilinx/11.5/EDK/hw/XilinxProcessorIPLib/pcores/mdm_v1_00_g/data/mdm_v2_1
   _0.mpd line 89 - tool is overriding PARAMETER C_SPLB_NUM_MASTERS value to 2
INFO:EDK:1560 - IPNAME:xps_intc INSTANCE:xps_intc_0 -
   /opt/Xilinx/11.5/EDK/hw/XilinxProcessorIPLib/pcores/xps_intc_v2_00_a/data/xps
   _intc_v2_1_0.mpd line 73 - tool is overriding PARAMETER C_SPLB_DWIDTH value
   to 64
INFO:EDK:1560 - IPNAME:xps_intc INSTANCE:xps_intc_0 -
   /opt/Xilinx/11.5/EDK/hw/XilinxProcessorIPLib/pcores/xps_intc_v2_00_a/data/xps
   _intc_v2_1_0.mpd line 75 - tool is overriding PARAMETER C_SPLB_NUM_MASTERS
   value to 2

Checking platform address map ...

Checking platform configuration ...
INFO:EDK:1563 - IPNAME:xps_ethernetlite INSTANCE:Ethernet_MAC -
   /home/aalonso/workspace/microblaze/mb-spartan1800/system.mhs line 177 - This
   design requires design constraints to guarantee performance.
   Please refer to the data sheet for details.  
   The PLB clock frequency must be greater than or equal to 50 MHz for 100 Mbs
   Ethernet operation and greater than or equal to 5.0 MHz for 10 Mbs Ethernet
   operation.
IPNAME:plb_v46 INSTANCE:mb_plb -
/home/aalonso/workspace/microblaze/mb-spartan1800/system.mhs line 75 - 2
master(s) : 11 slave(s)
IPNAME:lmb_v10 INSTANCE:ilmb -
/home/aalonso/workspace/microblaze/mb-spartan1800/system.mhs line 82 - 1
master(s) : 1 slave(s)
IPNAME:lmb_v10 INSTANCE:dlmb -
/home/aalonso/workspace/microblaze/mb-spartan1800/system.mhs line 89 - 1
master(s) : 1 slave(s)

Checking port drivers...
WARNING:EDK:2098 - PORT:IWAIT CONNECTOR:ilmb_LMB_Wait -
   /opt/Xilinx/11.5/EDK/hw/XilinxProcessorIPLib/pcores/microblaze_v7_20_d/data/m
   icroblaze_v2_1_0.mpd line 234 - No driver found. Port will be driven to GND!
WARNING:EDK:2098 - PORT:DWAIT CONNECTOR:dlmb_LMB_Wait -
   /opt/Xilinx/11.5/EDK/hw/XilinxProcessorIPLib/pcores/microblaze_v7_20_d/data/m
   icroblaze_v2_1_0.mpd line 270 - No driver found. Port will be driven to GND!
WARNING:EDK:2098 - PORT:bscan_tdo1 CONNECTOR:bscan_tdo1 -
   /opt/Xilinx/11.5/EDK/hw/XilinxProcessorIPLib/pcores/mdm_v1_00_g/data/mdm_v2_1
   _0.mpd line 230 - No driver found. Port will be driven to GND!
WARNING:EDK:2099 - PORT:I_ADDRTAG CONNECTOR:ilmb_M_ADDRTAG -
   /opt/Xilinx/11.5/EDK/hw/XilinxProcessorIPLib/pcores/microblaze_v7_20_d/data/m
   icroblaze_v2_1_0.mpd line 232 - floating connection!
WARNING:EDK:2099 - PORT:D_ADDRTAG CONNECTOR:dlmb_M_ADDRTAG -
   /opt/Xilinx/11.5/EDK/hw/XilinxProcessorIPLib/pcores/microblaze_v7_20_d/data/m
   icroblaze_v2_1_0.mpd line 273 - floating connection!
WARNING:EDK:2099 - PORT:bscan_tdi CONNECTOR:bscan_tdi -
   /opt/Xilinx/11.5/EDK/hw/XilinxProcessorIPLib/pcores/mdm_v1_00_g/data/mdm_v2_1
   _0.mpd line 223 - floating connection!
WARNING:EDK:2099 - PORT:bscan_reset CONNECTOR:bscan_reset -
   /opt/Xilinx/11.5/EDK/hw/XilinxProcessorIPLib/pcores/mdm_v1_00_g/data/mdm_v2_1
   _0.mpd line 224 - floating connection!
WARNING:EDK:2099 - PORT:bscan_shift CONNECTOR:bscan_shift -
   /opt/Xilinx/11.5/EDK/hw/XilinxProcessorIPLib/pcores/mdm_v1_00_g/data/mdm_v2_1
   _0.mpd line 225 - floating connection!
WARNING:EDK:2099 - PORT:bscan_update CONNECTOR:bscan_update -
   /opt/Xilinx/11.5/EDK/hw/XilinxProcessorIPLib/pcores/mdm_v1_00_g/data/mdm_v2_1
   _0.mpd line 226 - floating connection!
WARNING:EDK:2099 - PORT:bscan_capture CONNECTOR:bscan_capture -
   /opt/Xilinx/11.5/EDK/hw/XilinxProcessorIPLib/pcores/mdm_v1_00_g/data/mdm_v2_1
   _0.mpd line 227 - floating connection!
WARNING:EDK:2099 - PORT:bscan_sel1 CONNECTOR:bscan_sel1 -
   /opt/Xilinx/11.5/EDK/hw/XilinxProcessorIPLib/pcores/mdm_v1_00_g/data/mdm_v2_1
   _0.mpd line 228 - floating connection!
WARNING:EDK:2099 - PORT:bscan_drck1 CONNECTOR:bscan_drck1 -
   /opt/Xilinx/11.5/EDK/hw/XilinxProcessorIPLib/pcores/mdm_v1_00_g/data/mdm_v2_1
   _0.mpd line 229 - floating connection!

Performing Clock DRCs...
INFO:EDK:1038 - Did not implement clock DRCs for parameter:
   DDR2_SDRAM:C_MPMC_CLK_MEM_PERIOD_PS. Top-level frequency could not be
   propagated to this IP. Please make sure that you have specified the frequency
   of the top-level clock port, and that the clocks are properly connected.

Performing Reset DRCs...

Overriding system level properties...
INFO:EDK:1560 - IPNAME:microblaze INSTANCE:microblaze_0 -
   /opt/Xilinx/11.5/EDK/hw/XilinxProcessorIPLib/pcores/microblaze_v7_20_d/data/m
   icroblaze_v2_1_0.mpd line 157 - tcl is overriding PARAMETER C_D_PLB value to
   1
INFO:EDK:1560 - IPNAME:microblaze INSTANCE:microblaze_0 -
   /opt/Xilinx/11.5/EDK/hw/XilinxProcessorIPLib/pcores/microblaze_v7_20_d/data/m
   icroblaze_v2_1_0.mpd line 158 - tcl is overriding PARAMETER C_D_OPB value to
   0
INFO:EDK:1560 - IPNAME:microblaze INSTANCE:microblaze_0 -
   /opt/Xilinx/11.5/EDK/hw/XilinxProcessorIPLib/pcores/microblaze_v7_20_d/data/m
   icroblaze_v2_1_0.mpd line 160 - tcl is overriding PARAMETER C_I_PLB value to
   1
INFO:EDK:1560 - IPNAME:microblaze INSTANCE:microblaze_0 -
   /opt/Xilinx/11.5/EDK/hw/XilinxProcessorIPLib/pcores/microblaze_v7_20_d/data/m
   icroblaze_v2_1_0.mpd line 161 - tcl is overriding PARAMETER C_I_OPB value to
   0
INFO:EDK:1560 - IPNAME:microblaze INSTANCE:microblaze_0 -
   /opt/Xilinx/11.5/EDK/hw/XilinxProcessorIPLib/pcores/microblaze_v7_20_d/data/m
   icroblaze_v2_1_0.mpd line 196 - tcl is overriding PARAMETER C_ADDR_TAG_BITS
   value to 0
INFO:EDK:1560 - IPNAME:microblaze INSTANCE:microblaze_0 -
   /opt/Xilinx/11.5/EDK/hw/XilinxProcessorIPLib/pcores/microblaze_v7_20_d/data/m
   icroblaze_v2_1_0.mpd line 206 - tcl is overriding PARAMETER C_DCACHE_ADDR_TAG
   value to 0
INFO:EDK:1560 - IPNAME:microblaze INSTANCE:microblaze_0 -
   /opt/Xilinx/11.5/EDK/hw/XilinxProcessorIPLib/pcores/microblaze_v7_20_d/data/m
   icroblaze_v2_1_0.mpd line 218 - tcl is overriding PARAMETER C_USE_INTERRUPT
   value to 1
INFO:EDK:1560 - IPNAME:microblaze INSTANCE:microblaze_0 -
   /opt/Xilinx/11.5/EDK/hw/XilinxProcessorIPLib/pcores/microblaze_v7_20_d/data/m
   icroblaze_v2_1_0.mpd line 219 - tcl is overriding PARAMETER C_USE_EXT_BRK
   value to 1
INFO:EDK:1560 - IPNAME:microblaze INSTANCE:microblaze_0 -
   /opt/Xilinx/11.5/EDK/hw/XilinxProcessorIPLib/pcores/microblaze_v7_20_d/data/m
   icroblaze_v2_1_0.mpd line 220 - tcl is overriding PARAMETER C_USE_EXT_NM_BRK
   value to 1
INFO:EDK:1560 - IPNAME:lmb_bram_if_cntlr INSTANCE:dlmb_cntlr -
   /opt/Xilinx/11.5/EDK/hw/XilinxProcessorIPLib/pcores/lmb_bram_if_cntlr_v2_10_b
   /data/lmb_bram_if_cntlr_v2_1_0.mpd line 77 - tcl is overriding PARAMETER
   C_MASK value to 0x80000000
INFO:EDK:1560 - IPNAME:lmb_bram_if_cntlr INSTANCE:ilmb_cntlr -
   /opt/Xilinx/11.5/EDK/hw/XilinxProcessorIPLib/pcores/lmb_bram_if_cntlr_v2_10_b
   /data/lmb_bram_if_cntlr_v2_1_0.mpd line 77 - tcl is overriding PARAMETER
   C_MASK value to 0x80000000
INFO:EDK:1560 - IPNAME:mpmc INSTANCE:DDR2_SDRAM -
   /opt/Xilinx/11.5/EDK/hw/XilinxProcessorIPLib/pcores/mpmc_v5_04_a/data/mpmc_v2
   _1_0.mpd line 344 - tcl is overriding PARAMETER C_PIM0_B_SUBTYPE value to PLB
INFO:EDK:1560 - IPNAME:mpmc INSTANCE:DDR2_SDRAM -
   /opt/Xilinx/11.5/EDK/hw/XilinxProcessorIPLib/pcores/mpmc_v5_04_a/data/mpmc_v2
   _1_0.mpd line 752 - tcl is overriding PARAMETER C_TWR value to 15000
INFO:EDK:1560 - IPNAME:mpmc INSTANCE:DDR2_SDRAM -
   /opt/Xilinx/11.5/EDK/hw/XilinxProcessorIPLib/pcores/mpmc_v5_04_a/data/mpmc_v2
   _1_0.mpd line 754 - tcl is overriding PARAMETER C_CTRL_IS_WRITE_INDEX value
   to 1
INFO:EDK:1560 - IPNAME:mpmc INSTANCE:DDR2_SDRAM -
   /opt/Xilinx/11.5/EDK/hw/XilinxProcessorIPLib/pcores/mpmc_v5_04_a/data/mpmc_v2
   _1_0.mpd line 755 - tcl is overriding PARAMETER C_CTRL_PHYIF_RAS_N_INDEX
   value to 2
INFO:EDK:1560 - IPNAME:mpmc INSTANCE:DDR2_SDRAM -
   /opt/Xilinx/11.5/EDK/hw/XilinxProcessorIPLib/pcores/mpmc_v5_04_a/data/mpmc_v2
   _1_0.mpd line 756 - tcl is overriding PARAMETER C_CTRL_PHYIF_CAS_N_INDEX
   value to 3
INFO:EDK:1560 - IPNAME:mpmc INSTANCE:DDR2_SDRAM -
   /opt/Xilinx/11.5/EDK/hw/XilinxProcessorIPLib/pcores/mpmc_v5_04_a/data/mpmc_v2
   _1_0.mpd line 757 - tcl is overriding PARAMETER C_CTRL_PHYIF_WE_N_INDEX value
   to 4
INFO:EDK:1560 - IPNAME:mpmc INSTANCE:DDR2_SDRAM -
   /opt/Xilinx/11.5/EDK/hw/XilinxProcessorIPLib/pcores/mpmc_v5_04_a/data/mpmc_v2
   _1_0.mpd line 758 - tcl is overriding PARAMETER C_CTRL_RMW_INDEX value to 6
INFO:EDK:1560 - IPNAME:mpmc INSTANCE:DDR2_SDRAM -
   /opt/Xilinx/11.5/EDK/hw/XilinxProcessorIPLib/pcores/mpmc_v5_04_a/data/mpmc_v2
   _1_0.mpd line 759 - tcl is overriding PARAMETER C_CTRL_SKIP_0_INDEX value to
   7
INFO:EDK:1560 - IPNAME:mpmc INSTANCE:DDR2_SDRAM -
   /opt/Xilinx/11.5/EDK/hw/XilinxProcessorIPLib/pcores/mpmc_v5_04_a/data/mpmc_v2
   _1_0.mpd line 760 - tcl is overriding PARAMETER C_CTRL_PHYIF_DQS_O_INDEX
   value to 8
INFO:EDK:1560 - IPNAME:mpmc INSTANCE:DDR2_SDRAM -
   /opt/Xilinx/11.5/EDK/hw/XilinxProcessorIPLib/pcores/mpmc_v5_04_a/data/mpmc_v2
   _1_0.mpd line 761 - tcl is overriding PARAMETER C_CTRL_SKIP_1_INDEX value to
   9
INFO:EDK:1560 - IPNAME:mpmc INSTANCE:DDR2_SDRAM -
   /opt/Xilinx/11.5/EDK/hw/XilinxProcessorIPLib/pcores/mpmc_v5_04_a/data/mpmc_v2
   _1_0.mpd line 762 - tcl is overriding PARAMETER C_CTRL_DP_RDFIFO_PUSH_INDEX
   value to 10
INFO:EDK:1560 - IPNAME:mpmc INSTANCE:DDR2_SDRAM -
   /opt/Xilinx/11.5/EDK/hw/XilinxProcessorIPLib/pcores/mpmc_v5_04_a/data/mpmc_v2
   _1_0.mpd line 763 - tcl is overriding PARAMETER C_CTRL_SKIP_2_INDEX value to
   11
INFO:EDK:1560 - IPNAME:mpmc INSTANCE:DDR2_SDRAM -
   /opt/Xilinx/11.5/EDK/hw/XilinxProcessorIPLib/pcores/mpmc_v5_04_a/data/mpmc_v2
   _1_0.mpd line 764 - tcl is overriding PARAMETER C_CTRL_AP_COL_CNT_LOAD_INDEX
   value to 12
INFO:EDK:1560 - IPNAME:mpmc INSTANCE:DDR2_SDRAM -
   /opt/Xilinx/11.5/EDK/hw/XilinxProcessorIPLib/pcores/mpmc_v5_04_a/data/mpmc_v2
   _1_0.mpd line 765 - tcl is overriding PARAMETER
   C_CTRL_AP_COL_CNT_ENABLE_INDEX value to 13
INFO:EDK:1560 - IPNAME:mpmc INSTANCE:DDR2_SDRAM -
   /opt/Xilinx/11.5/EDK/hw/XilinxProcessorIPLib/pcores/mpmc_v5_04_a/data/mpmc_v2
   _1_0.mpd line 766 - tcl is overriding PARAMETER
   C_CTRL_AP_PRECHARGE_ADDR10_INDEX value to 14
INFO:EDK:1560 - IPNAME:mpmc INSTANCE:DDR2_SDRAM -
   /opt/Xilinx/11.5/EDK/hw/XilinxProcessorIPLib/pcores/mpmc_v5_04_a/data/mpmc_v2
   _1_0.mpd line 767 - tcl is overriding PARAMETER C_CTRL_AP_ROW_COL_SEL_INDEX
   value to 15
INFO:EDK:1560 - IPNAME:mpmc INSTANCE:DDR2_SDRAM -
   /opt/Xilinx/11.5/EDK/hw/XilinxProcessorIPLib/pcores/mpmc_v5_04_a/data/mpmc_v2
   _1_0.mpd line 768 - tcl is overriding PARAMETER C_CTRL_PHYIF_FORCE_DM_INDEX
   value to 16
INFO:EDK:1560 - IPNAME:mpmc INSTANCE:DDR2_SDRAM -
   /opt/Xilinx/11.5/EDK/hw/XilinxProcessorIPLib/pcores/mpmc_v5_04_a/data/mpmc_v2
   _1_0.mpd line 769 - tcl is overriding PARAMETER C_CTRL_REPEAT4_INDEX value to
   17
INFO:EDK:1560 - IPNAME:mpmc INSTANCE:DDR2_SDRAM -
   /opt/Xilinx/11.5/EDK/hw/XilinxProcessorIPLib/pcores/mpmc_v5_04_a/data/mpmc_v2
   _1_0.mpd line 780 - tcl is overriding PARAMETER C_CTRL_ARB_RDMODWR_DELAY
   value to 3
INFO:EDK:1560 - IPNAME:mpmc INSTANCE:DDR2_SDRAM -
   /opt/Xilinx/11.5/EDK/hw/XilinxProcessorIPLib/pcores/mpmc_v5_04_a/data/mpmc_v2
   _1_0.mpd line 781 - tcl is overriding PARAMETER C_CTRL_AP_COL_DELAY value to
   1
INFO:EDK:1560 - IPNAME:mpmc INSTANCE:DDR2_SDRAM -
   /opt/Xilinx/11.5/EDK/hw/XilinxProcessorIPLib/pcores/mpmc_v5_04_a/data/mpmc_v2
   _1_0.mpd line 785 - tcl is overriding PARAMETER C_CTRL_DP_LOAD_RDWDADDR_DELAY
   value to 2
INFO:EDK:1560 - IPNAME:mpmc INSTANCE:DDR2_SDRAM -
   /opt/Xilinx/11.5/EDK/hw/XilinxProcessorIPLib/pcores/mpmc_v5_04_a/data/mpmc_v2
   _1_0.mpd line 786 - tcl is overriding PARAMETER
   C_CTRL_DP_RDFIFO_WHICHPORT_DELAY value to 12
INFO:EDK:1560 - IPNAME:mpmc INSTANCE:DDR2_SDRAM -
   /opt/Xilinx/11.5/EDK/hw/XilinxProcessorIPLib/pcores/mpmc_v5_04_a/data/mpmc_v2
   _1_0.mpd line 787 - tcl is overriding PARAMETER C_CTRL_DP_SIZE_DELAY value to
   2
INFO:EDK:1560 - IPNAME:mpmc INSTANCE:DDR2_SDRAM -
   /opt/Xilinx/11.5/EDK/hw/XilinxProcessorIPLib/pcores/mpmc_v5_04_a/data/mpmc_v2
   _1_0.mpd line 788 - tcl is overriding PARAMETER
   C_CTRL_DP_WRFIFO_WHICHPORT_DELAY value to 4
INFO:EDK:1560 - IPNAME:mpmc INSTANCE:DDR2_SDRAM -
   /opt/Xilinx/11.5/EDK/hw/XilinxProcessorIPLib/pcores/mpmc_v5_04_a/data/mpmc_v2
   _1_0.mpd line 789 - tcl is overriding PARAMETER
   C_CTRL_PHYIF_DUMMYREADSTART_DELAY value to 5
INFO:EDK:1560 - IPNAME:mpmc INSTANCE:DDR2_SDRAM -
   /opt/Xilinx/11.5/EDK/hw/XilinxProcessorIPLib/pcores/mpmc_v5_04_a/data/mpmc_v2
   _1_0.mpd line 790 - tcl is overriding PARAMETER C_CTRL_Q0_DELAY value to 1
INFO:EDK:1560 - IPNAME:mpmc INSTANCE:DDR2_SDRAM -
   /opt/Xilinx/11.5/EDK/hw/XilinxProcessorIPLib/pcores/mpmc_v5_04_a/data/mpmc_v2
   _1_0.mpd line 791 - tcl is overriding PARAMETER C_CTRL_Q1_DELAY value to 1
INFO:EDK:1560 - IPNAME:mpmc INSTANCE:DDR2_SDRAM -
   /opt/Xilinx/11.5/EDK/hw/XilinxProcessorIPLib/pcores/mpmc_v5_04_a/data/mpmc_v2
   _1_0.mpd line 792 - tcl is overriding PARAMETER C_CTRL_Q2_DELAY value to 1
INFO:EDK:1560 - IPNAME:mpmc INSTANCE:DDR2_SDRAM -
   /opt/Xilinx/11.5/EDK/hw/XilinxProcessorIPLib/pcores/mpmc_v5_04_a/data/mpmc_v2
   _1_0.mpd line 793 - tcl is overriding PARAMETER C_CTRL_Q3_DELAY value to 1
INFO:EDK:1560 - IPNAME:mpmc INSTANCE:DDR2_SDRAM -
   /opt/Xilinx/11.5/EDK/hw/XilinxProcessorIPLib/pcores/mpmc_v5_04_a/data/mpmc_v2
   _1_0.mpd line 794 - tcl is overriding PARAMETER C_CTRL_Q4_DELAY value to 1
INFO:EDK:1560 - IPNAME:mpmc INSTANCE:DDR2_SDRAM -
   /opt/Xilinx/11.5/EDK/hw/XilinxProcessorIPLib/pcores/mpmc_v5_04_a/data/mpmc_v2
   _1_0.mpd line 796 - tcl is overriding PARAMETER C_CTRL_Q6_DELAY value to 5
INFO:EDK:1560 - IPNAME:mpmc INSTANCE:DDR2_SDRAM -
   /opt/Xilinx/11.5/EDK/hw/XilinxProcessorIPLib/pcores/mpmc_v5_04_a/data/mpmc_v2
   _1_0.mpd line 797 - tcl is overriding PARAMETER C_CTRL_Q7_DELAY value to 1
INFO:EDK:1560 - IPNAME:mpmc INSTANCE:DDR2_SDRAM -
   /opt/Xilinx/11.5/EDK/hw/XilinxProcessorIPLib/pcores/mpmc_v5_04_a/data/mpmc_v2
   _1_0.mpd line 799 - tcl is overriding PARAMETER C_CTRL_Q9_DELAY value to 1
INFO:EDK:1560 - IPNAME:mpmc INSTANCE:DDR2_SDRAM -
   /opt/Xilinx/11.5/EDK/hw/XilinxProcessorIPLib/pcores/mpmc_v5_04_a/data/mpmc_v2
   _1_0.mpd line 800 - tcl is overriding PARAMETER C_CTRL_Q10_DELAY value to 1
INFO:EDK:1560 - IPNAME:mpmc INSTANCE:DDR2_SDRAM -
   /opt/Xilinx/11.5/EDK/hw/XilinxProcessorIPLib/pcores/mpmc_v5_04_a/data/mpmc_v2
   _1_0.mpd line 801 - tcl is overriding PARAMETER C_CTRL_Q11_DELAY value to 1
INFO:EDK:1560 - IPNAME:mpmc INSTANCE:DDR2_SDRAM -
   /opt/Xilinx/11.5/EDK/hw/XilinxProcessorIPLib/pcores/mpmc_v5_04_a/data/mpmc_v2
   _1_0.mpd line 802 - tcl is overriding PARAMETER C_CTRL_Q12_DELAY value to 1
INFO:EDK:1560 - IPNAME:mpmc INSTANCE:DDR2_SDRAM -
   /opt/Xilinx/11.5/EDK/hw/XilinxProcessorIPLib/pcores/mpmc_v5_04_a/data/mpmc_v2
   _1_0.mpd line 803 - tcl is overriding PARAMETER C_CTRL_Q13_DELAY value to 1
INFO:EDK:1560 - IPNAME:mpmc INSTANCE:DDR2_SDRAM -
   /opt/Xilinx/11.5/EDK/hw/XilinxProcessorIPLib/pcores/mpmc_v5_04_a/data/mpmc_v2
   _1_0.mpd line 804 - tcl is overriding PARAMETER C_CTRL_Q14_DELAY value to 1
INFO:EDK:1560 - IPNAME:mpmc INSTANCE:DDR2_SDRAM -
   /opt/Xilinx/11.5/EDK/hw/XilinxProcessorIPLib/pcores/mpmc_v5_04_a/data/mpmc_v2
   _1_0.mpd line 805 - tcl is overriding PARAMETER C_CTRL_Q15_DELAY value to 1
INFO:EDK:1560 - IPNAME:mpmc INSTANCE:DDR2_SDRAM -
   /opt/Xilinx/11.5/EDK/hw/XilinxProcessorIPLib/pcores/mpmc_v5_04_a/data/mpmc_v2
   _1_0.mpd line 806 - tcl is overriding PARAMETER C_CTRL_Q16_DELAY value to 1
INFO:EDK:1560 - IPNAME:mpmc INSTANCE:DDR2_SDRAM -
   /opt/Xilinx/11.5/EDK/hw/XilinxProcessorIPLib/pcores/mpmc_v5_04_a/data/mpmc_v2
   _1_0.mpd line 807 - tcl is overriding PARAMETER C_CTRL_Q17_DELAY value to 1
INFO:EDK:1560 - IPNAME:mpmc INSTANCE:DDR2_SDRAM -
   /opt/Xilinx/11.5/EDK/hw/XilinxProcessorIPLib/pcores/mpmc_v5_04_a/data/mpmc_v2
   _1_0.mpd line 826 - tcl is overriding PARAMETER C_SKIP_1_VALUE value to 0x001
INFO:EDK:1560 - IPNAME:mpmc INSTANCE:DDR2_SDRAM -
   /opt/Xilinx/11.5/EDK/hw/XilinxProcessorIPLib/pcores/mpmc_v5_04_a/data/mpmc_v2
   _1_0.mpd line 827 - tcl is overriding PARAMETER C_SKIP_2_VALUE value to 0x001
INFO:EDK:1560 - IPNAME:mpmc INSTANCE:DDR2_SDRAM -
   /opt/Xilinx/11.5/EDK/hw/XilinxProcessorIPLib/pcores/mpmc_v5_04_a/data/mpmc_v2
   _1_0.mpd line 828 - tcl is overriding PARAMETER C_SKIP_3_VALUE value to 0x001
INFO:EDK:1560 - IPNAME:mpmc INSTANCE:DDR2_SDRAM -
   /opt/Xilinx/11.5/EDK/hw/XilinxProcessorIPLib/pcores/mpmc_v5_04_a/data/mpmc_v2
   _1_0.mpd line 829 - tcl is overriding PARAMETER C_SKIP_4_VALUE value to 0x001
INFO:EDK:1560 - IPNAME:mpmc INSTANCE:DDR2_SDRAM -
   /opt/Xilinx/11.5/EDK/hw/XilinxProcessorIPLib/pcores/mpmc_v5_04_a/data/mpmc_v2
   _1_0.mpd line 830 - tcl is overriding PARAMETER C_SKIP_5_VALUE value to 0x001
INFO:EDK:1560 - IPNAME:mpmc INSTANCE:DDR2_SDRAM -
   /opt/Xilinx/11.5/EDK/hw/XilinxProcessorIPLib/pcores/mpmc_v5_04_a/data/mpmc_v2
   _1_0.mpd line 831 - tcl is overriding PARAMETER C_SKIP_6_VALUE value to 0x001
INFO:EDK:1560 - IPNAME:mpmc INSTANCE:DDR2_SDRAM -
   /opt/Xilinx/11.5/EDK/hw/XilinxProcessorIPLib/pcores/mpmc_v5_04_a/data/mpmc_v2
   _1_0.mpd line 832 - tcl is overriding PARAMETER C_SKIP_7_VALUE value to 0x001
INFO:EDK:1560 - IPNAME:mpmc INSTANCE:DDR2_SDRAM -
   /opt/Xilinx/11.5/EDK/hw/XilinxProcessorIPLib/pcores/mpmc_v5_04_a/data/mpmc_v2
   _1_0.mpd line 834 - tcl is overriding PARAMETER C_B32_REPEAT_CNT value to 2
INFO:EDK:1560 - IPNAME:mpmc INSTANCE:DDR2_SDRAM -
   /opt/Xilinx/11.5/EDK/hw/XilinxProcessorIPLib/pcores/mpmc_v5_04_a/data/mpmc_v2
   _1_0.mpd line 835 - tcl is overriding PARAMETER C_B64_REPEAT_CNT value to 6
INFO:EDK:1560 - IPNAME:mpmc INSTANCE:DDR2_SDRAM -
   /opt/Xilinx/11.5/EDK/hw/XilinxProcessorIPLib/pcores/mpmc_v5_04_a/data/mpmc_v2
   _1_0.mpd line 837 - tcl is overriding PARAMETER C_HIGHADDR_CTRL0 value to
   0x00b
INFO:EDK:1560 - IPNAME:mpmc INSTANCE:DDR2_SDRAM -
   /opt/Xilinx/11.5/EDK/hw/XilinxProcessorIPLib/pcores/mpmc_v5_04_a/data/mpmc_v2
   _1_0.mpd line 838 - tcl is overriding PARAMETER C_BASEADDR_CTRL1 value to
   0x00c
INFO:EDK:1560 - IPNAME:mpmc INSTANCE:DDR2_SDRAM -
   /opt/Xilinx/11.5/EDK/hw/XilinxProcessorIPLib/pcores/mpmc_v5_04_a/data/mpmc_v2
   _1_0.mpd line 839 - tcl is overriding PARAMETER C_HIGHADDR_CTRL1 value to
   0x013
INFO:EDK:1560 - IPNAME:mpmc INSTANCE:DDR2_SDRAM -
   /opt/Xilinx/11.5/EDK/hw/XilinxProcessorIPLib/pcores/mpmc_v5_04_a/data/mpmc_v2
   _1_0.mpd line 840 - tcl is overriding PARAMETER C_BASEADDR_CTRL2 value to
   0x014
INFO:EDK:1560 - IPNAME:mpmc INSTANCE:DDR2_SDRAM -
   /opt/Xilinx/11.5/EDK/hw/XilinxProcessorIPLib/pcores/mpmc_v5_04_a/data/mpmc_v2
   _1_0.mpd line 841 - tcl is overriding PARAMETER C_HIGHADDR_CTRL2 value to
   0x01f
INFO:EDK:1560 - IPNAME:mpmc INSTANCE:DDR2_SDRAM -
   /opt/Xilinx/11.5/EDK/hw/XilinxProcessorIPLib/pcores/mpmc_v5_04_a/data/mpmc_v2
   _1_0.mpd line 842 - tcl is overriding PARAMETER C_BASEADDR_CTRL3 value to
   0x020
INFO:EDK:1560 - IPNAME:mpmc INSTANCE:DDR2_SDRAM -
   /opt/Xilinx/11.5/EDK/hw/XilinxProcessorIPLib/pcores/mpmc_v5_04_a/data/mpmc_v2
   _1_0.mpd line 843 - tcl is overriding PARAMETER C_HIGHADDR_CTRL3 value to
   0x027
INFO:EDK:1560 - IPNAME:mpmc INSTANCE:DDR2_SDRAM -
   /opt/Xilinx/11.5/EDK/hw/XilinxProcessorIPLib/pcores/mpmc_v5_04_a/data/mpmc_v2
   _1_0.mpd line 844 - tcl is overriding PARAMETER C_BASEADDR_CTRL4 value to
   0x028
INFO:EDK:1560 - IPNAME:mpmc INSTANCE:DDR2_SDRAM -
   /opt/Xilinx/11.5/EDK/hw/XilinxProcessorIPLib/pcores/mpmc_v5_04_a/data/mpmc_v2
   _1_0.mpd line 845 - tcl is overriding PARAMETER C_HIGHADDR_CTRL4 value to
   0x033
INFO:EDK:1560 - IPNAME:mpmc INSTANCE:DDR2_SDRAM -
   /opt/Xilinx/11.5/EDK/hw/XilinxProcessorIPLib/pcores/mpmc_v5_04_a/data/mpmc_v2
   _1_0.mpd line 846 - tcl is overriding PARAMETER C_BASEADDR_CTRL5 value to
   0x034
INFO:EDK:1560 - IPNAME:mpmc INSTANCE:DDR2_SDRAM -
   /opt/Xilinx/11.5/EDK/hw/XilinxProcessorIPLib/pcores/mpmc_v5_04_a/data/mpmc_v2
   _1_0.mpd line 847 - tcl is overriding PARAMETER C_HIGHADDR_CTRL5 value to
   0x03b
INFO:EDK:1560 - IPNAME:mpmc INSTANCE:DDR2_SDRAM -
   /opt/Xilinx/11.5/EDK/hw/XilinxProcessorIPLib/pcores/mpmc_v5_04_a/data/mpmc_v2
   _1_0.mpd line 848 - tcl is overriding PARAMETER C_BASEADDR_CTRL6 value to
   0x03c
INFO:EDK:1560 - IPNAME:mpmc INSTANCE:DDR2_SDRAM -
   /opt/Xilinx/11.5/EDK/hw/XilinxProcessorIPLib/pcores/mpmc_v5_04_a/data/mpmc_v2
   _1_0.mpd line 849 - tcl is overriding PARAMETER C_HIGHADDR_CTRL6 value to
   0x049
INFO:EDK:1560 - IPNAME:mpmc INSTANCE:DDR2_SDRAM -
   /opt/Xilinx/11.5/EDK/hw/XilinxProcessorIPLib/pcores/mpmc_v5_04_a/data/mpmc_v2
   _1_0.mpd line 850 - tcl is overriding PARAMETER C_BASEADDR_CTRL7 value to
   0x04a
INFO:EDK:1560 - IPNAME:mpmc INSTANCE:DDR2_SDRAM -
   /opt/Xilinx/11.5/EDK/hw/XilinxProcessorIPLib/pcores/mpmc_v5_04_a/data/mpmc_v2
   _1_0.mpd line 851 - tcl is overriding PARAMETER C_HIGHADDR_CTRL7 value to
   0x052
INFO:EDK:1560 - IPNAME:mpmc INSTANCE:DDR2_SDRAM -
   /opt/Xilinx/11.5/EDK/hw/XilinxProcessorIPLib/pcores/mpmc_v5_04_a/data/mpmc_v2
   _1_0.mpd line 852 - tcl is overriding PARAMETER C_BASEADDR_CTRL8 value to
   0x053
INFO:EDK:1560 - IPNAME:mpmc INSTANCE:DDR2_SDRAM -
   /opt/Xilinx/11.5/EDK/hw/XilinxProcessorIPLib/pcores/mpmc_v5_04_a/data/mpmc_v2
   _1_0.mpd line 853 - tcl is overriding PARAMETER C_HIGHADDR_CTRL8 value to
   0x064
INFO:EDK:1560 - IPNAME:mpmc INSTANCE:DDR2_SDRAM -
   /opt/Xilinx/11.5/EDK/hw/XilinxProcessorIPLib/pcores/mpmc_v5_04_a/data/mpmc_v2
   _1_0.mpd line 854 - tcl is overriding PARAMETER C_BASEADDR_CTRL9 value to
   0x065
INFO:EDK:1560 - IPNAME:mpmc INSTANCE:DDR2_SDRAM -
   /opt/Xilinx/11.5/EDK/hw/XilinxProcessorIPLib/pcores/mpmc_v5_04_a/data/mpmc_v2
   _1_0.mpd line 855 - tcl is overriding PARAMETER C_HIGHADDR_CTRL9 value to
   0x071
INFO:EDK:1560 - IPNAME:mpmc INSTANCE:DDR2_SDRAM -
   /opt/Xilinx/11.5/EDK/hw/XilinxProcessorIPLib/pcores/mpmc_v5_04_a/data/mpmc_v2
   _1_0.mpd line 856 - tcl is overriding PARAMETER C_BASEADDR_CTRL10 value to
   0x072
INFO:EDK:1560 - IPNAME:mpmc INSTANCE:DDR2_SDRAM -
   /opt/Xilinx/11.5/EDK/hw/XilinxProcessorIPLib/pcores/mpmc_v5_04_a/data/mpmc_v2
   _1_0.mpd line 857 - tcl is overriding PARAMETER C_HIGHADDR_CTRL10 value to
   0x083
INFO:EDK:1560 - IPNAME:mpmc INSTANCE:DDR2_SDRAM -
   /opt/Xilinx/11.5/EDK/hw/XilinxProcessorIPLib/pcores/mpmc_v5_04_a/data/mpmc_v2
   _1_0.mpd line 858 - tcl is overriding PARAMETER C_BASEADDR_CTRL11 value to
   0x084
INFO:EDK:1560 - IPNAME:mpmc INSTANCE:DDR2_SDRAM -
   /opt/Xilinx/11.5/EDK/hw/XilinxProcessorIPLib/pcores/mpmc_v5_04_a/data/mpmc_v2
   _1_0.mpd line 859 - tcl is overriding PARAMETER C_HIGHADDR_CTRL11 value to
   0x090
INFO:EDK:1560 - IPNAME:mpmc INSTANCE:DDR2_SDRAM -
   /opt/Xilinx/11.5/EDK/hw/XilinxProcessorIPLib/pcores/mpmc_v5_04_a/data/mpmc_v2
   _1_0.mpd line 860 - tcl is overriding PARAMETER C_BASEADDR_CTRL12 value to
   0x091
INFO:EDK:1560 - IPNAME:mpmc INSTANCE:DDR2_SDRAM -
   /opt/Xilinx/11.5/EDK/hw/XilinxProcessorIPLib/pcores/mpmc_v5_04_a/data/mpmc_v2
   _1_0.mpd line 861 - tcl is overriding PARAMETER C_HIGHADDR_CTRL12 value to
   0x0a2
INFO:EDK:1560 - IPNAME:mpmc INSTANCE:DDR2_SDRAM -
   /opt/Xilinx/11.5/EDK/hw/XilinxProcessorIPLib/pcores/mpmc_v5_04_a/data/mpmc_v2
   _1_0.mpd line 862 - tcl is overriding PARAMETER C_BASEADDR_CTRL13 value to
   0x0a3
INFO:EDK:1560 - IPNAME:mpmc INSTANCE:DDR2_SDRAM -
   /opt/Xilinx/11.5/EDK/hw/XilinxProcessorIPLib/pcores/mpmc_v5_04_a/data/mpmc_v2
   _1_0.mpd line 863 - tcl is overriding PARAMETER C_HIGHADDR_CTRL13 value to
   0x0af
INFO:EDK:1560 - IPNAME:mpmc INSTANCE:DDR2_SDRAM -
   /opt/Xilinx/11.5/EDK/hw/XilinxProcessorIPLib/pcores/mpmc_v5_04_a/data/mpmc_v2
   _1_0.mpd line 864 - tcl is overriding PARAMETER C_BASEADDR_CTRL14 value to
   0x0b0
INFO:EDK:1560 - IPNAME:mpmc INSTANCE:DDR2_SDRAM -
   /opt/Xilinx/11.5/EDK/hw/XilinxProcessorIPLib/pcores/mpmc_v5_04_a/data/mpmc_v2
   _1_0.mpd line 865 - tcl is overriding PARAMETER C_HIGHADDR_CTRL14 value to
   0x0c0
INFO:EDK:1560 - IPNAME:mpmc INSTANCE:DDR2_SDRAM -
   /opt/Xilinx/11.5/EDK/hw/XilinxProcessorIPLib/pcores/mpmc_v5_04_a/data/mpmc_v2
   _1_0.mpd line 866 - tcl is overriding PARAMETER C_BASEADDR_CTRL15 value to
   0x0c1
INFO:EDK:1560 - IPNAME:mpmc INSTANCE:DDR2_SDRAM -
   /opt/Xilinx/11.5/EDK/hw/XilinxProcessorIPLib/pcores/mpmc_v5_04_a/data/mpmc_v2
   _1_0.mpd line 867 - tcl is overriding PARAMETER C_HIGHADDR_CTRL15 value to
   0x0c2
INFO:EDK:1560 - IPNAME:mpmc INSTANCE:DDR2_SDRAM -
   /opt/Xilinx/11.5/EDK/hw/XilinxProcessorIPLib/pcores/mpmc_v5_04_a/data/mpmc_v2
   _1_0.mpd line 906 - tcl is overriding PARAMETER C_CTRL_BRAM_INIT_19 value to
   0x000002FC000002FC000002FC000002FC000002FC000002FC000002FC000002FC
INFO:EDK:1560 - IPNAME:mpmc INSTANCE:DDR2_SDRAM -
   /opt/Xilinx/11.5/EDK/hw/XilinxProcessorIPLib/pcores/mpmc_v5_04_a/data/mpmc_v2
   _1_0.mpd line 907 - tcl is overriding PARAMETER C_CTRL_BRAM_INIT_18 value to
   0x000002FC000002FC000002FC000002FC000002FC0000001C0000001C0000001C
INFO:EDK:1560 - IPNAME:mpmc INSTANCE:DDR2_SDRAM -
   /opt/Xilinx/11.5/EDK/hw/XilinxProcessorIPLib/pcores/mpmc_v5_04_a/data/mpmc_v2
   _1_0.mpd line 908 - tcl is overriding PARAMETER C_CTRL_BRAM_INIT_17 value to
   0x0000001C0000001C0000001C0000001C0000001D0000001C0000001C0000001C
INFO:EDK:1560 - IPNAME:mpmc INSTANCE:DDR2_SDRAM -
   /opt/Xilinx/11.5/EDK/hw/XilinxProcessorIPLib/pcores/mpmc_v5_04_a/data/mpmc_v2
   _1_0.mpd line 909 - tcl is overriding PARAMETER C_CTRL_BRAM_INIT_16 value to
   0x0000001C0000001C0000001C0000001C000000100000001C0000001C00004008
INFO:EDK:1560 - IPNAME:mpmc INSTANCE:DDR2_SDRAM -
   /opt/Xilinx/11.5/EDK/hw/XilinxProcessorIPLib/pcores/mpmc_v5_04_a/data/mpmc_v2
   _1_0.mpd line 910 - tcl is overriding PARAMETER C_CTRL_BRAM_INIT_15 value to
   0x0000001C0000001C000040080000001C000024140000041D000024140000041C
INFO:EDK:1560 - IPNAME:mpmc INSTANCE:DDR2_SDRAM -
   /opt/Xilinx/11.5/EDK/hw/XilinxProcessorIPLib/pcores/mpmc_v5_04_a/data/mpmc_v2
   _1_0.mpd line 911 - tcl is overriding PARAMETER C_CTRL_BRAM_INIT_14 value to
   0x000024140002041C000024140000141C000080180000001E0000001E0000001E
INFO:EDK:1560 - IPNAME:mpmc INSTANCE:DDR2_SDRAM -
   /opt/Xilinx/11.5/EDK/hw/XilinxProcessorIPLib/pcores/mpmc_v5_04_a/data/mpmc_v2
   _1_0.mpd line 912 - tcl is overriding PARAMETER C_CTRL_BRAM_INIT_13 value to
   0x0000400A0000001E0000001F0000001E0000201E0000001E000021060000011E
INFO:EDK:1560 - IPNAME:mpmc INSTANCE:DDR2_SDRAM -
   /opt/Xilinx/11.5/EDK/hw/XilinxProcessorIPLib/pcores/mpmc_v5_04_a/data/mpmc_v2
   _1_0.mpd line 913 - tcl is overriding PARAMETER C_CTRL_BRAM_INIT_12 value to
   0x000021060000011E000021060002011E000021060000111E0000801A0000001C
INFO:EDK:1560 - IPNAME:mpmc INSTANCE:DDR2_SDRAM -
   /opt/Xilinx/11.5/EDK/hw/XilinxProcessorIPLib/pcores/mpmc_v5_04_a/data/mpmc_v2
   _1_0.mpd line 914 - tcl is overriding PARAMETER C_CTRL_BRAM_INIT_11 value to
   0x0000001C000040080000001C000024140000041D000024140000041C00002414
INFO:EDK:1560 - IPNAME:mpmc INSTANCE:DDR2_SDRAM -
   /opt/Xilinx/11.5/EDK/hw/XilinxProcessorIPLib/pcores/mpmc_v5_04_a/data/mpmc_v2
   _1_0.mpd line 915 - tcl is overriding PARAMETER C_CTRL_BRAM_INIT_10 value to
   0x0002041C000024140000141C000080180000001E0000001E0000001E0000400A
INFO:EDK:1560 - IPNAME:mpmc INSTANCE:DDR2_SDRAM -
   /opt/Xilinx/11.5/EDK/hw/XilinxProcessorIPLib/pcores/mpmc_v5_04_a/data/mpmc_v2
   _1_0.mpd line 916 - tcl is overriding PARAMETER C_CTRL_BRAM_INIT_0F value to
   0x0000001E0000001F0000001E0000201E0000001E000021060000011E00002106
INFO:EDK:1560 - IPNAME:mpmc INSTANCE:DDR2_SDRAM -
   /opt/Xilinx/11.5/EDK/hw/XilinxProcessorIPLib/pcores/mpmc_v5_04_a/data/mpmc_v2
   _1_0.mpd line 917 - tcl is overriding PARAMETER C_CTRL_BRAM_INIT_0E value to
   0x0000011E000021060002011E000021060000111E0000801A0000001C0000001C
INFO:EDK:1560 - IPNAME:mpmc INSTANCE:DDR2_SDRAM -
   /opt/Xilinx/11.5/EDK/hw/XilinxProcessorIPLib/pcores/mpmc_v5_04_a/data/mpmc_v2
   _1_0.mpd line 918 - tcl is overriding PARAMETER C_CTRL_BRAM_INIT_0D value to
   0x000040080000001C000024140000041D000024140000041C000024140000041C
INFO:EDK:1560 - IPNAME:mpmc INSTANCE:DDR2_SDRAM -
   /opt/Xilinx/11.5/EDK/hw/XilinxProcessorIPLib/pcores/mpmc_v5_04_a/data/mpmc_v2
   _1_0.mpd line 919 - tcl is overriding PARAMETER C_CTRL_BRAM_INIT_0C value to
   0x000024140000141C000080180000001E0000001E0000001E0000400A0000001E
INFO:EDK:1560 - IPNAME:mpmc INSTANCE:DDR2_SDRAM -
   /opt/Xilinx/11.5/EDK/hw/XilinxProcessorIPLib/pcores/mpmc_v5_04_a/data/mpmc_v2
   _1_0.mpd line 920 - tcl is overriding PARAMETER C_CTRL_BRAM_INIT_0B value to
   0x0000001F0000001E0000201E0000001E000021060000011E000021060000011E
INFO:EDK:1560 - IPNAME:mpmc INSTANCE:DDR2_SDRAM -
   /opt/Xilinx/11.5/EDK/hw/XilinxProcessorIPLib/pcores/mpmc_v5_04_a/data/mpmc_v2
   _1_0.mpd line 921 - tcl is overriding PARAMETER C_CTRL_BRAM_INIT_0A value to
   0x000021060000011E000021060000111E0000801A0000001C0000001C00004008
INFO:EDK:1560 - IPNAME:mpmc INSTANCE:DDR2_SDRAM -
   /opt/Xilinx/11.5/EDK/hw/XilinxProcessorIPLib/pcores/mpmc_v5_04_a/data/mpmc_v2
   _1_0.mpd line 922 - tcl is overriding PARAMETER C_CTRL_BRAM_INIT_09 value to
   0x0000001C000024140000041D000024140000141C000080180000001E0000001E
INFO:EDK:1560 - IPNAME:mpmc INSTANCE:DDR2_SDRAM -
   /opt/Xilinx/11.5/EDK/hw/XilinxProcessorIPLib/pcores/mpmc_v5_04_a/data/mpmc_v2
   _1_0.mpd line 923 - tcl is overriding PARAMETER C_CTRL_BRAM_INIT_08 value to
   0x0000001E0000400A0000001E0000001F0000001E0000201E0000001E00002106
INFO:EDK:1560 - IPNAME:mpmc INSTANCE:DDR2_SDRAM -
   /opt/Xilinx/11.5/EDK/hw/XilinxProcessorIPLib/pcores/mpmc_v5_04_a/data/mpmc_v2
   _1_0.mpd line 924 - tcl is overriding PARAMETER C_CTRL_BRAM_INIT_07 value to
   0x0000011E000021060000111E0000801A0000001C0000001C000040080000001C
INFO:EDK:1560 - IPNAME:mpmc INSTANCE:DDR2_SDRAM -
   /opt/Xilinx/11.5/EDK/hw/XilinxProcessorIPLib/pcores/mpmc_v5_04_a/data/mpmc_v2
   _1_0.mpd line 925 - tcl is overriding PARAMETER C_CTRL_BRAM_INIT_06 value to
   0x0000001C000024150000141C000080180000001E0000001E0000001E0000400A
INFO:EDK:1560 - IPNAME:mpmc INSTANCE:DDR2_SDRAM -
   /opt/Xilinx/11.5/EDK/hw/XilinxProcessorIPLib/pcores/mpmc_v5_04_a/data/mpmc_v2
   _1_0.mpd line 926 - tcl is overriding PARAMETER C_CTRL_BRAM_INIT_05 value to
   0x0000001E0000001F0000001E0000201E0000001E000021060000111E0000801A
INFO:EDK:1560 - IPNAME:mpmc INSTANCE:DDR2_SDRAM -
   /opt/Xilinx/11.5/EDK/hw/XilinxProcessorIPLib/pcores/mpmc_v5_04_a/data/mpmc_v2
   _1_0.mpd line 927 - tcl is overriding PARAMETER C_CTRL_BRAM_INIT_04 value to
   0x0000001C0000001C000040080000001C0000001C000020150000141C00008018
INFO:EDK:1560 - IPNAME:mpmc INSTANCE:DDR2_SDRAM -
   /opt/Xilinx/11.5/EDK/hw/XilinxProcessorIPLib/pcores/mpmc_v5_04_a/data/mpmc_v2
   _1_0.mpd line 928 - tcl is overriding PARAMETER C_CTRL_BRAM_INIT_03 value to
   0x0000001E0000001E0000001E0000400A0000001E0000001F0000001E0000001E
INFO:EDK:1560 - IPNAME:mpmc INSTANCE:DDR2_SDRAM -
   /opt/Xilinx/11.5/EDK/hw/XilinxProcessorIPLib/pcores/mpmc_v5_04_a/data/mpmc_v2
   _1_0.mpd line 929 - tcl is overriding PARAMETER C_CTRL_BRAM_INIT_02 value to
   0x0000001E000021060001111E0000801A0000001C0000001C000040080000001C
INFO:EDK:1560 - IPNAME:mpmc INSTANCE:DDR2_SDRAM -
   /opt/Xilinx/11.5/EDK/hw/XilinxProcessorIPLib/pcores/mpmc_v5_04_a/data/mpmc_v2
   _1_0.mpd line 930 - tcl is overriding PARAMETER C_CTRL_BRAM_INIT_01 value to
   0x0000001C000020150000141C000080180000001E0000001E0000001E0000400A
INFO:EDK:1560 - IPNAME:mpmc INSTANCE:DDR2_SDRAM -
   /opt/Xilinx/11.5/EDK/hw/XilinxProcessorIPLib/pcores/mpmc_v5_04_a/data/mpmc_v2
   _1_0.mpd line 931 - tcl is overriding PARAMETER C_CTRL_BRAM_INIT_00 value to
   0x0000001E0000001F0000001E0000001E0000001E000021060001111E0000801A
INFO:EDK:1560 - IPNAME:mpmc INSTANCE:DDR2_SDRAM -
   /opt/Xilinx/11.5/EDK/hw/XilinxProcessorIPLib/pcores/mpmc_v5_04_a/data/mpmc_v2
   _1_0.mpd line 937 - tcl is overriding PARAMETER C_CTRL_BRAM_INITP_03 value to
   0x0000000000000000000000000000000000000000000000000000000000000000
INFO:EDK:1560 - IPNAME:mpmc INSTANCE:DDR2_SDRAM -
   /opt/Xilinx/11.5/EDK/hw/XilinxProcessorIPLib/pcores/mpmc_v5_04_a/data/mpmc_v2
   _1_0.mpd line 938 - tcl is overriding PARAMETER C_CTRL_BRAM_INITP_02 value to
   0x0000000000000000000000000000000000000000000000000000000000000000
INFO:EDK:1560 - IPNAME:mpmc INSTANCE:DDR2_SDRAM -
   /opt/Xilinx/11.5/EDK/hw/XilinxProcessorIPLib/pcores/mpmc_v5_04_a/data/mpmc_v2
   _1_0.mpd line 939 - tcl is overriding PARAMETER C_CTRL_BRAM_INITP_01 value to
   0x0000000000000000000000000000000000000000000000000000000000000000
INFO:EDK:1560 - IPNAME:mpmc INSTANCE:DDR2_SDRAM -
   /opt/Xilinx/11.5/EDK/hw/XilinxProcessorIPLib/pcores/mpmc_v5_04_a/data/mpmc_v2
   _1_0.mpd line 940 - tcl is overriding PARAMETER C_CTRL_BRAM_INITP_00 value to
   0x0000000000000000000000000000000000000000000000000000000000000000
INFO:EDK:1560 - IPNAME:xps_intc INSTANCE:xps_intc_0 -
   /opt/Xilinx/11.5/EDK/hw/XilinxProcessorIPLib/pcores/xps_intc_v2_00_a/data/xps
   _intc_v2_1_0.mpd line 79 - tcl is overriding PARAMETER C_NUM_INTR_INPUTS
   value to 8
INFO:EDK:1560 - IPNAME:xps_intc INSTANCE:xps_intc_0 -
   /opt/Xilinx/11.5/EDK/hw/XilinxProcessorIPLib/pcores/xps_intc_v2_00_a/data/xps
   _intc_v2_1_0.mpd line 80 - tcl is overriding PARAMETER C_KIND_OF_INTR value
   to 0b11111111111111111111111110010100
INFO:EDK:1560 - IPNAME:xps_intc INSTANCE:xps_intc_0 -
   /opt/Xilinx/11.5/EDK/hw/XilinxProcessorIPLib/pcores/xps_intc_v2_00_a/data/xps
   _intc_v2_1_0.mpd line 81 - tcl is overriding PARAMETER C_KIND_OF_EDGE value
   to 0b11111111111111111111111111111111
INFO:EDK:1560 - IPNAME:xps_intc INSTANCE:xps_intc_0 -
   /opt/Xilinx/11.5/EDK/hw/XilinxProcessorIPLib/pcores/xps_intc_v2_00_a/data/xps
   _intc_v2_1_0.mpd line 82 - tcl is overriding PARAMETER C_KIND_OF_LVL value to
   0b11111111111111111111111111111111

Running system level update procedures...

Running UPDATE Tcl procedures for OPTION SYSLEVEL_UPDATE_PROC...

Running system level DRCs...

Performing System level DRCs on properties...

Running DRC Tcl procedures for OPTION SYSLEVEL_DRC_PROC...
Port present in Ethernet_MAC

Running UPDATE Tcl procedures for OPTION PLATGEN_SYSLEVEL_UPDATE_PROC...
INFO: The Ethernet_MAC core has constraints automatically generated by XPS in
implementation/ethernet_mac_wrapper/ethernet_mac_wrapper.ucf.
It can be overridden by constraints placed in the system.ucf file.

INFO: The DDR2_SDRAM core has constraints automatically generated by XPS in
implementation/ddr2_sdram_wrapper/ddr2_sdram_wrapper.ucf.
It can be overridden by constraints placed in the system.ucf file.


Modify defaults ...

Creating stub ...

Processing licensed instances ...
Completion time: 0.00 seconds

Creating hardware output directories ...

Managing hardware (BBD-specified) netlist files ...
IPNAME:xps_ethernetlite INSTANCE:ethernet_mac -
/home/aalonso/workspace/microblaze/mb-spartan1800/system.mhs line 177 - Copying
(BBD-specified) netlist files.

Managing cache ...

Elaborating instances ...
IPNAME:bram_block INSTANCE:lmb_bram -
/home/aalonso/workspace/microblaze/mb-spartan1800/system.mhs line 114 -
elaborating IP

Writing HDL for elaborated instances ...

Inserting wrapper level ...
Completion time: 2.00 seconds

Constructing platform-level connectivity ...
Completion time: 0.00 seconds

Writing (top-level) BMM ...

Writing (top-level and wrappers) HDL ...

Generating synthesis project file ...

Running XST synthesis ...

INFO:EDK:2502 - The following instances are synthesized with XST. The MPD option
   IMP_NETLIST=TRUE indicates that a NGC file is to be produced using XST
   synthesis. IMP_NETLIST=FALSE (default) instances are not synthesized. 
INSTANCE:microblaze_0 -
/home/aalonso/workspace/microblaze/mb-spartan1800/system.mhs line 59 - Running
XST synthesis
INSTANCE:mb_plb - /home/aalonso/workspace/microblaze/mb-spartan1800/system.mhs
line 75 - Running XST synthesis
INSTANCE:ilmb - /home/aalonso/workspace/microblaze/mb-spartan1800/system.mhs
line 82 - Running XST synthesis
INSTANCE:dlmb - /home/aalonso/workspace/microblaze/mb-spartan1800/system.mhs
line 89 - Running XST synthesis
INSTANCE:dlmb_cntlr -
/home/aalonso/workspace/microblaze/mb-spartan1800/system.mhs line 96 - Running
XST synthesis
INSTANCE:ilmb_cntlr -
/home/aalonso/workspace/microblaze/mb-spartan1800/system.mhs line 105 - Running
XST synthesis
INSTANCE:lmb_bram - /home/aalonso/workspace/microblaze/mb-spartan1800/system.mhs
line 114 - Running XST synthesis
INSTANCE:rs232_uart_1 -
/home/aalonso/workspace/microblaze/mb-spartan1800/system.mhs line 121 - Running
XST synthesis
INSTANCE:leds_8bit -
/home/aalonso/workspace/microblaze/mb-spartan1800/system.mhs line 136 - Running
XST synthesis
INSTANCE:push_buttons -
/home/aalonso/workspace/microblaze/mb-spartan1800/system.mhs line 149 - Running
XST synthesis
INSTANCE:dip_switches_8bit -
/home/aalonso/workspace/microblaze/mb-spartan1800/system.mhs line 163 - Running
XST synthesis
INSTANCE:ethernet_mac -
/home/aalonso/workspace/microblaze/mb-spartan1800/system.mhs line 177 - Running
XST synthesis
INSTANCE:spi_flash -
/home/aalonso/workspace/microblaze/mb-spartan1800/system.mhs line 198 - Running
XST synthesis
INSTANCE:ddr2_sdram -
/home/aalonso/workspace/microblaze/mb-spartan1800/system.mhs line 215 - Running
XST synthesis
INSTANCE:xps_timebase_wdt_0 -
/home/aalonso/workspace/microblaze/mb-spartan1800/system.mhs line 250 - Running
XST synthesis
INSTANCE:xps_timer_0 -
/home/aalonso/workspace/microblaze/mb-spartan1800/system.mhs line 262 - Running
XST synthesis
INSTANCE:clock_generator_0 -
/home/aalonso/workspace/microblaze/mb-spartan1800/system.mhs line 273 - Running
XST synthesis
INSTANCE:mdm_0 - /home/aalonso/workspace/microblaze/mb-spartan1800/system.mhs
line 298 - Running XST synthesis
INSTANCE:proc_sys_reset_0 -
/home/aalonso/workspace/microblaze/mb-spartan1800/system.mhs line 311 - Running
XST synthesis
INSTANCE:xps_intc_0 -
/home/aalonso/workspace/microblaze/mb-spartan1800/system.mhs line 324 - Running
XST synthesis

Running NGCBUILD ...
IPNAME:rs232_uart_1_wrapper INSTANCE:rs232_uart_1 -
/home/aalonso/workspace/microblaze/mb-spartan1800/system.mhs line 121 - Running
NGCBUILD
IPNAME:ethernet_mac_wrapper INSTANCE:ethernet_mac -
/home/aalonso/workspace/microblaze/mb-spartan1800/system.mhs line 177 - Running
NGCBUILD
IPNAME:ddr2_sdram_wrapper INSTANCE:ddr2_sdram -
/home/aalonso/workspace/microblaze/mb-spartan1800/system.mhs line 215 - Running
NGCBUILD
IPNAME:clock_generator_0_wrapper INSTANCE:clock_generator_0 -
/home/aalonso/workspace/microblaze/mb-spartan1800/system.mhs line 273 - Running
NGCBUILD
IPNAME:xps_intc_0_wrapper INSTANCE:xps_intc_0 -
/home/aalonso/workspace/microblaze/mb-spartan1800/system.mhs line 324 - Running
NGCBUILD

Rebuilding cache ...

Total run time: 550.00 seconds
